  [1m[35m (2632.1ms)[0m  [1m[35mCREATE DATABASE "ChartMyCourse_development" ENCODING = 'unicode'[0m
  ↳ bin/rails:9
  [1m[35m (1706.7ms)[0m  [1m[35mCREATE DATABASE "ChartMyCourse_test" ENCODING = 'unicode'[0m
  ↳ bin/rails:9
  [1m[35m (49.3ms)[0m  [1m[35mCREATE TABLE "schema_migrations" ("version" character varying NOT NULL PRIMARY KEY)[0m
  ↳ bin/rails:9
  [1m[35m (6.0ms)[0m  [1m[35mCREATE TABLE "ar_internal_metadata" ("key" character varying NOT NULL PRIMARY KEY, "value" character varying, "created_at" timestamp NOT NULL, "updated_at" timestamp NOT NULL)[0m
  ↳ bin/rails:9
  [1m[35m (0.1ms)[0m  [1m[34mSELECT pg_try_advisory_lock(5713457373662794560)[0m
  ↳ bin/rails:9
  [1m[35m (4.1ms)[0m  [1m[34mSELECT "schema_migrations"."version" FROM "schema_migrations" ORDER BY "schema_migrations"."version" ASC[0m
  ↳ bin/rails:9
Migrating to CreateUsers (20210316140319)
  [1m[35m (0.1ms)[0m  [1m[35mBEGIN[0m
  ↳ bin/rails:9
  [1m[35m (8.2ms)[0m  [1m[35mCREATE TABLE "users" ("id" bigserial primary key, "username" character varying NOT NULL, "email" character varying NOT NULL, "password_digest" character varying NOT NULL, "session_token" character varying NOT NULL, "birthdate" date NOT NULL, "first_name" character varying NOT NULL, "last_name" character varying NOT NULL, "gender" character varying NOT NULL, "height" integer NOT NULL, "weight" integer NOT NULL, "created_at" timestamp NOT NULL, "updated_at" timestamp NOT NULL)[0m
  ↳ db/migrate/20210316140319_create_users.rb:3
  [1m[35m (2.3ms)[0m  [1m[35mCREATE UNIQUE INDEX  "index_users_on_username" ON "users"  ("username")[0m
  ↳ db/migrate/20210316140319_create_users.rb:16
  [1m[35m (3.1ms)[0m  [1m[35mCREATE UNIQUE INDEX  "index_users_on_session_token" ON "users"  ("session_token")[0m
  ↳ db/migrate/20210316140319_create_users.rb:17
  [1m[35m (2.1ms)[0m  [1m[35mCREATE UNIQUE INDEX  "index_users_on_email" ON "users"  ("email")[0m
  ↳ db/migrate/20210316140319_create_users.rb:18
  [1m[36mActiveRecord::SchemaMigration Create (0.5ms)[0m  [1m[32mINSERT INTO "schema_migrations" ("version") VALUES ($1) RETURNING "version"[0m  [["version", "20210316140319"]]
  ↳ bin/rails:9
  [1m[35m (0.3ms)[0m  [1m[35mCOMMIT[0m
  ↳ bin/rails:9
  [1m[36mActiveRecord::InternalMetadata Load (4.8ms)[0m  [1m[34mSELECT  "ar_internal_metadata".* FROM "ar_internal_metadata" WHERE "ar_internal_metadata"."key" = $1 LIMIT $2[0m  [["key", "environment"], ["LIMIT", 1]]
  ↳ bin/rails:9
  [1m[35m (0.1ms)[0m  [1m[35mBEGIN[0m
  ↳ bin/rails:9
  [1m[36mActiveRecord::InternalMetadata Create (0.9ms)[0m  [1m[32mINSERT INTO "ar_internal_metadata" ("key", "value", "created_at", "updated_at") VALUES ($1, $2, $3, $4) RETURNING "key"[0m  [["key", "environment"], ["value", "development"], ["created_at", "2021-03-16 14:18:31.344450"], ["updated_at", "2021-03-16 14:18:31.344450"]]
  ↳ bin/rails:9
  [1m[35m (0.2ms)[0m  [1m[35mCOMMIT[0m
  ↳ bin/rails:9
  [1m[35m (0.2ms)[0m  [1m[34mSELECT pg_advisory_unlock(5713457373662794560)[0m
  ↳ bin/rails:9
  [1m[35m (0.3ms)[0m  [1m[34mSELECT "schema_migrations"."version" FROM "schema_migrations" ORDER BY "schema_migrations"."version" ASC[0m
  ↳ bin/rails:9
Started GET "/" for ::1 at 2021-03-16 15:28:16 -0400
  [1m[35m (9.6ms)[0m  [1m[34mSELECT "schema_migrations"."version" FROM "schema_migrations" ORDER BY "schema_migrations"."version" ASC[0m
  ↳ /home/alejandro/.rbenv/versions/2.5.1/lib/ruby/gems/2.5.0/gems/activerecord-5.2.4.5/lib/active_record/log_subscriber.rb:98
Processing by RootController#root as HTML
  Rendering root/root.html.erb within layouts/application
  Rendered root/root.html.erb within layouts/application (5.6ms)
Completed 200 OK in 1977ms (Views: 1975.2ms | ActiveRecord: 0.0ms)


Started POST "/api/users" for ::1 at 2021-03-16 15:44:43 -0400
Processing by Api::UsersController#create as JSON
  Parameters: {"user"=>{"username"=>"ale", "password"=>"[FILTERED]", "email"=>"ale", "first_name"=>"alejandro", "last_name"=>"weil", "birthdate"=>"1956", "gender"=>"M", "height"=>"183", "weight"=>"203"}}
Can't verify CSRF token authenticity.
Completed 422 Unprocessable Entity in 1ms (ActiveRecord: 0.0ms)



ActionController::InvalidAuthenticityToken - ActionController::InvalidAuthenticityToken:

Started POST "/api/users" for ::1 at 2021-03-16 15:47:36 -0400
Processing by Api::UsersController#create as JSON
  Parameters: {"user"=>{"username"=>"ale", "password"=>"[FILTERED]", "email"=>"ale", "first_name"=>"alejandro", "last_name"=>"weil", "birthdate"=>"1956", "gender"=>"M", "height"=>"183", "weight"=>"203"}}
Can't verify CSRF token authenticity.
Completed 422 Unprocessable Entity in 1ms (ActiveRecord: 0.0ms)



ActionController::InvalidAuthenticityToken - ActionController::InvalidAuthenticityToken:

Started GET "/" for ::1 at 2021-03-16 15:47:50 -0400
Processing by RootController#root as HTML
  Rendering root/root.html.erb within layouts/application
  Rendered root/root.html.erb within layouts/application (0.2ms)
Completed 200 OK in 85ms (Views: 82.8ms | ActiveRecord: 0.0ms)


Started POST "/api/users" for ::1 at 2021-03-16 15:47:56 -0400
Processing by Api::UsersController#create as JSON
  Parameters: {"user"=>{"username"=>"ale", "password"=>"[FILTERED]", "email"=>"ale", "first_name"=>"alejandro", "last_name"=>"weil", "birthdate"=>"1956", "gender"=>"M", "height"=>"183", "weight"=>"203"}}
  [1m[35m (0.1ms)[0m  [1m[35mBEGIN[0m
  ↳ app/controllers/api/users_controller.rb:5
  [1m[36mUser Exists (16.8ms)[0m  [1m[34mSELECT  1 AS one FROM "users" WHERE "users"."username" = $1 LIMIT $2[0m  [["username", "ale"], ["LIMIT", 1]]
  ↳ app/controllers/api/users_controller.rb:5
  [1m[36mUser Exists (0.3ms)[0m  [1m[34mSELECT  1 AS one FROM "users" WHERE "users"."session_token" = $1 LIMIT $2[0m  [["session_token", "nYPcXbXDb026TUroKg1KhQ"], ["LIMIT", 1]]
  ↳ app/controllers/api/users_controller.rb:5
  [1m[36mUser Exists (0.3ms)[0m  [1m[34mSELECT  1 AS one FROM "users" WHERE "users"."email" = $1 LIMIT $2[0m  [["email", "ale"], ["LIMIT", 1]]
  ↳ app/controllers/api/users_controller.rb:5
  [1m[35m (0.2ms)[0m  [1m[31mROLLBACK[0m
  ↳ app/controllers/api/users_controller.rb:5
Completed 401 Unauthorized in 288ms (Views: 0.1ms | ActiveRecord: 37.5ms)


Started POST "/api/users" for ::1 at 2021-03-16 15:49:08 -0400
Processing by Api::UsersController#create as JSON
  Parameters: {"user"=>{"username"=>"ale", "password"=>"[FILTERED]", "email"=>"ale", "first_name"=>"alejandro", "last_name"=>"weil", "birthdate"=>"1983-12-15", "gender"=>"M", "height"=>"183", "weight"=>"203"}}
  [1m[35m (0.1ms)[0m  [1m[35mBEGIN[0m
  ↳ app/controllers/api/users_controller.rb:5
  [1m[36mUser Exists (0.3ms)[0m  [1m[34mSELECT  1 AS one FROM "users" WHERE "users"."username" = $1 LIMIT $2[0m  [["username", "ale"], ["LIMIT", 1]]
  ↳ app/controllers/api/users_controller.rb:5
  [1m[36mUser Exists (0.3ms)[0m  [1m[34mSELECT  1 AS one FROM "users" WHERE "users"."session_token" = $1 LIMIT $2[0m  [["session_token", "QqBdvObnvOamKVfTgL675g"], ["LIMIT", 1]]
  ↳ app/controllers/api/users_controller.rb:5
  [1m[36mUser Exists (0.2ms)[0m  [1m[34mSELECT  1 AS one FROM "users" WHERE "users"."email" = $1 LIMIT $2[0m  [["email", "ale"], ["LIMIT", 1]]
  ↳ app/controllers/api/users_controller.rb:5
  [1m[36mUser Create (1.4ms)[0m  [1m[32mINSERT INTO "users" ("username", "email", "password_digest", "session_token", "birthdate", "first_name", "last_name", "gender", "height", "weight", "created_at", "updated_at") VALUES ($1, $2, $3, $4, $5, $6, $7, $8, $9, $10, $11, $12) RETURNING "id"[0m  [["username", "ale"], ["email", "ale"], ["password_digest", "$2a$12$z7.g/mMyux6QRu6jMaNBme/zQdwl.eMQC0YqInmxQT7CwvJsWIPM."], ["session_token", "QqBdvObnvOamKVfTgL675g"], ["birthdate", "1983-12-15"], ["first_name", "alejandro"], ["last_name", "weil"], ["gender", "M"], ["height", 183], ["weight", 203], ["created_at", "2021-03-16 19:49:08.609274"], ["updated_at", "2021-03-16 19:49:08.609274"]]
  ↳ app/controllers/api/users_controller.rb:5
  [1m[35m (5.3ms)[0m  [1m[35mCOMMIT[0m
  ↳ app/controllers/api/users_controller.rb:5
  [1m[35m (0.1ms)[0m  [1m[35mBEGIN[0m
  ↳ app/models/user.rb:23
  [1m[36mUser Exists (0.4ms)[0m  [1m[34mSELECT  1 AS one FROM "users" WHERE "users"."username" = $1 AND "users"."id" != $2 LIMIT $3[0m  [["username", "ale"], ["id", 1], ["LIMIT", 1]]
  ↳ app/models/user.rb:23
  [1m[36mUser Exists (0.3ms)[0m  [1m[34mSELECT  1 AS one FROM "users" WHERE "users"."session_token" = $1 AND "users"."id" != $2 LIMIT $3[0m  [["session_token", "l0Z3k89g8YHAzL7yiUIJjg"], ["id", 1], ["LIMIT", 1]]
  ↳ app/models/user.rb:23
  [1m[36mUser Exists (0.3ms)[0m  [1m[34mSELECT  1 AS one FROM "users" WHERE "users"."email" = $1 AND "users"."id" != $2 LIMIT $3[0m  [["email", "ale"], ["id", 1], ["LIMIT", 1]]
  ↳ app/models/user.rb:23
  [1m[36mUser Update (0.5ms)[0m  [1m[33mUPDATE "users" SET "session_token" = $1, "updated_at" = $2 WHERE "users"."id" = $3[0m  [["session_token", "l0Z3k89g8YHAzL7yiUIJjg"], ["updated_at", "2021-03-16 19:49:08.624083"], ["id", 1]]
  ↳ app/models/user.rb:23
  [1m[35m (0.3ms)[0m  [1m[35mCOMMIT[0m
  ↳ app/models/user.rb:23
  Rendering api/users/show.json.builder
  Rendered api/users/show.json.builder (315.2ms)
Completed 500 Internal Server Error in 528ms (ActiveRecord: 9.5ms)



NameError - undefined local variable or method `json' for #<#<Class:0x00007f323691c0c0>:0x00007f3236916260>
Did you mean?  JSON:
  app/views/api/users/show.json.builder:1:in `_app_views_api_users_show_json_builder___2224030706391751141_69926820292100'
  app/controllers/api/users_controller.rb:7:in `create'

Started GET "/" for ::1 at 2021-03-16 15:53:39 -0400
Processing by RootController#root as HTML
  Rendering root/root.html.erb within layouts/application
  Rendered root/root.html.erb within layouts/application (0.5ms)
Completed 200 OK in 39ms (Views: 37.1ms | ActiveRecord: 0.0ms)


Started POST "/api/users" for ::1 at 2021-03-16 15:54:32 -0400
Processing by Api::UsersController#create as JSON
  Parameters: {"user"=>{"username"=>"ale", "password"=>"[FILTERED]", "email"=>"ale", "first_name"=>"alejandro", "last_name"=>"weil", "birthdate"=>"1983-12-15", "gender"=>"M", "height"=>"183", "weight"=>"203"}}
  [1m[35m (0.1ms)[0m  [1m[35mBEGIN[0m
  ↳ app/controllers/api/users_controller.rb:5
  [1m[36mUser Exists (0.4ms)[0m  [1m[34mSELECT  1 AS one FROM "users" WHERE "users"."username" = $1 LIMIT $2[0m  [["username", "ale"], ["LIMIT", 1]]
  ↳ app/controllers/api/users_controller.rb:5
  [1m[36mUser Exists (0.3ms)[0m  [1m[34mSELECT  1 AS one FROM "users" WHERE "users"."session_token" = $1 LIMIT $2[0m  [["session_token", "u2ih472CU7UTI00m0RLWBw"], ["LIMIT", 1]]
  ↳ app/controllers/api/users_controller.rb:5
  [1m[36mUser Exists (0.3ms)[0m  [1m[34mSELECT  1 AS one FROM "users" WHERE "users"."email" = $1 LIMIT $2[0m  [["email", "ale"], ["LIMIT", 1]]
  ↳ app/controllers/api/users_controller.rb:5
  [1m[35m (0.1ms)[0m  [1m[31mROLLBACK[0m
  ↳ app/controllers/api/users_controller.rb:5
Completed 401 Unauthorized in 188ms (Views: 0.2ms | ActiveRecord: 1.3ms)


Started POST "/api/users" for ::1 at 2021-03-16 15:57:44 -0400
Processing by Api::UsersController#create as JSON
  Parameters: {"user"=>{"username"=>"jiyoon", "password"=>"[FILTERED]", "email"=>"ale", "first_name"=>"alejandro", "last_name"=>"weil", "birthdate"=>"1983-12-15", "gender"=>"F", "height"=>"183", "weight"=>"203"}}
  [1m[35m (0.1ms)[0m  [1m[35mBEGIN[0m
  ↳ app/controllers/api/users_controller.rb:5
  [1m[36mUser Exists (0.3ms)[0m  [1m[34mSELECT  1 AS one FROM "users" WHERE "users"."username" = $1 LIMIT $2[0m  [["username", "jiyoon"], ["LIMIT", 1]]
  ↳ app/controllers/api/users_controller.rb:5
  [1m[36mUser Exists (0.3ms)[0m  [1m[34mSELECT  1 AS one FROM "users" WHERE "users"."session_token" = $1 LIMIT $2[0m  [["session_token", "oH_NQQRLthIP5XZthPEJaA"], ["LIMIT", 1]]
  ↳ app/controllers/api/users_controller.rb:5
  [1m[36mUser Exists (0.3ms)[0m  [1m[34mSELECT  1 AS one FROM "users" WHERE "users"."email" = $1 LIMIT $2[0m  [["email", "ale"], ["LIMIT", 1]]
  ↳ app/controllers/api/users_controller.rb:5
  [1m[35m (0.2ms)[0m  [1m[31mROLLBACK[0m
  ↳ app/controllers/api/users_controller.rb:5
Completed 401 Unauthorized in 190ms (Views: 0.2ms | ActiveRecord: 1.1ms)


Started POST "/api/users" for ::1 at 2021-03-16 15:58:13 -0400
Processing by Api::UsersController#create as JSON
  Parameters: {"user"=>{"username"=>"jiyoon", "password"=>"[FILTERED]", "email"=>"jiyoon", "first_name"=>"alejandro", "last_name"=>"weil", "birthdate"=>"1983-12-15", "gender"=>"F", "height"=>"183", "weight"=>"203"}}
  [1m[35m (0.1ms)[0m  [1m[35mBEGIN[0m
  ↳ app/controllers/api/users_controller.rb:5
  [1m[36mUser Exists (0.3ms)[0m  [1m[34mSELECT  1 AS one FROM "users" WHERE "users"."username" = $1 LIMIT $2[0m  [["username", "jiyoon"], ["LIMIT", 1]]
  ↳ app/controllers/api/users_controller.rb:5
  [1m[36mUser Exists (0.3ms)[0m  [1m[34mSELECT  1 AS one FROM "users" WHERE "users"."session_token" = $1 LIMIT $2[0m  [["session_token", "k79XlB1-Sk-aDj81FVOa9w"], ["LIMIT", 1]]
  ↳ app/controllers/api/users_controller.rb:5
  [1m[36mUser Exists (0.3ms)[0m  [1m[34mSELECT  1 AS one FROM "users" WHERE "users"."email" = $1 LIMIT $2[0m  [["email", "jiyoon"], ["LIMIT", 1]]
  ↳ app/controllers/api/users_controller.rb:5
  [1m[36mUser Create (0.3ms)[0m  [1m[32mINSERT INTO "users" ("username", "email", "password_digest", "session_token", "birthdate", "first_name", "last_name", "gender", "height", "weight", "created_at", "updated_at") VALUES ($1, $2, $3, $4, $5, $6, $7, $8, $9, $10, $11, $12) RETURNING "id"[0m  [["username", "jiyoon"], ["email", "jiyoon"], ["password_digest", "$2a$12$kjBadefOVQIOCL9zmknrmeGYtm578sMSxwEyJCdn1cyqpH9HqIDQq"], ["session_token", "k79XlB1-Sk-aDj81FVOa9w"], ["birthdate", "1983-12-15"], ["first_name", "alejandro"], ["last_name", "weil"], ["gender", "F"], ["height", 183], ["weight", 203], ["created_at", "2021-03-16 19:58:13.418105"], ["updated_at", "2021-03-16 19:58:13.418105"]]
  ↳ app/controllers/api/users_controller.rb:5
  [1m[35m (0.3ms)[0m  [1m[35mCOMMIT[0m
  ↳ app/controllers/api/users_controller.rb:5
  [1m[35m (0.1ms)[0m  [1m[35mBEGIN[0m
  ↳ app/models/user.rb:23
  [1m[36mUser Exists (0.4ms)[0m  [1m[34mSELECT  1 AS one FROM "users" WHERE "users"."username" = $1 AND "users"."id" != $2 LIMIT $3[0m  [["username", "jiyoon"], ["id", 2], ["LIMIT", 1]]
  ↳ app/models/user.rb:23
  [1m[36mUser Exists (0.4ms)[0m  [1m[34mSELECT  1 AS one FROM "users" WHERE "users"."session_token" = $1 AND "users"."id" != $2 LIMIT $3[0m  [["session_token", "6Xhfp15I61see-Dezj3KrQ"], ["id", 2], ["LIMIT", 1]]
  ↳ app/models/user.rb:23
  [1m[36mUser Exists (0.3ms)[0m  [1m[34mSELECT  1 AS one FROM "users" WHERE "users"."email" = $1 AND "users"."id" != $2 LIMIT $3[0m  [["email", "jiyoon"], ["id", 2], ["LIMIT", 1]]
  ↳ app/models/user.rb:23
  [1m[36mUser Update (0.3ms)[0m  [1m[33mUPDATE "users" SET "session_token" = $1, "updated_at" = $2 WHERE "users"."id" = $3[0m  [["session_token", "6Xhfp15I61see-Dezj3KrQ"], ["updated_at", "2021-03-16 19:58:13.429478"], ["id", 2]]
  ↳ app/models/user.rb:23
  [1m[35m (0.3ms)[0m  [1m[35mCOMMIT[0m
  ↳ app/models/user.rb:23
  Rendering api/users/show.json.jbuilder
  Rendered api/users/show.json.jbuilder (0.4ms)
Completed 200 OK in 206ms (Views: 5.1ms | ActiveRecord: 3.3ms)


Started DELETE "/api/session" for ::1 at 2021-03-16 16:13:45 -0400
Processing by Api::SessionsController#destroy as JSON
  [1m[36mUser Load (35.9ms)[0m  [1m[34mSELECT  "users".* FROM "users" WHERE "users"."session_token" = $1 LIMIT $2[0m  [["session_token", "6Xhfp15I61see-Dezj3KrQ"], ["LIMIT", 1]]
  ↳ app/controllers/application_controller.rb:5
  [1m[35m (0.1ms)[0m  [1m[35mBEGIN[0m
  ↳ app/models/user.rb:23
  [1m[36mUser Exists (0.4ms)[0m  [1m[34mSELECT  1 AS one FROM "users" WHERE "users"."username" = $1 AND "users"."id" != $2 LIMIT $3[0m  [["username", "jiyoon"], ["id", 2], ["LIMIT", 1]]
  ↳ app/models/user.rb:23
  [1m[36mUser Exists (0.4ms)[0m  [1m[34mSELECT  1 AS one FROM "users" WHERE "users"."session_token" = $1 AND "users"."id" != $2 LIMIT $3[0m  [["session_token", "hXapr3K7KMx5EIrKkTPTwg"], ["id", 2], ["LIMIT", 1]]
  ↳ app/models/user.rb:23
  [1m[36mUser Exists (0.3ms)[0m  [1m[34mSELECT  1 AS one FROM "users" WHERE "users"."email" = $1 AND "users"."id" != $2 LIMIT $3[0m  [["email", "jiyoon"], ["id", 2], ["LIMIT", 1]]
  ↳ app/models/user.rb:23
  [1m[36mUser Update (0.5ms)[0m  [1m[33mUPDATE "users" SET "session_token" = $1, "updated_at" = $2 WHERE "users"."id" = $3[0m  [["session_token", "hXapr3K7KMx5EIrKkTPTwg"], ["updated_at", "2021-03-16 20:13:46.035780"], ["id", 2]]
  ↳ app/models/user.rb:23
  [1m[35m (4.7ms)[0m  [1m[35mCOMMIT[0m
  ↳ app/models/user.rb:23
Completed 200 OK in 58ms (Views: 0.1ms | ActiveRecord: 42.5ms)


Started POST "/api/session" for ::1 at 2021-03-16 16:14:56 -0400
Processing by Api::SessionsController#create as JSON
  Parameters: {"user"=>{"username"=>"alejandro", "password"=>"[FILTERED]"}}
  [1m[36mUser Load (0.5ms)[0m  [1m[34mSELECT  "users".* FROM "users" WHERE "users"."username" = $1 LIMIT $2[0m  [["username", "alejandro"], ["LIMIT", 1]]
  ↳ app/models/user.rb:28
Completed 500 Internal Server Error in 4ms (ActiveRecord: 0.5ms)



ArgumentError - '"Wrong credentials"' is not an ActiveModel-compatible object. It must implement :to_partial_path.:
  app/controllers/api/sessions_controller.rb:9:in `create'

Started POST "/api/session" for ::1 at 2021-03-16 16:16:40 -0400
Processing by Api::SessionsController#create as JSON
  Parameters: {"user"=>{"username"=>"alejandro", "password"=>"[FILTERED]"}}
  [1m[36mUser Load (0.3ms)[0m  [1m[34mSELECT  "users".* FROM "users" WHERE "users"."username" = $1 LIMIT $2[0m  [["username", "alejandro"], ["LIMIT", 1]]
  ↳ app/models/user.rb:28
Completed 500 Internal Server Error in 11ms (ActiveRecord: 3.1ms)



ArgumentError - '"Wrong credentials"' is not an ActiveModel-compatible object. It must implement :to_partial_path.:
  app/controllers/api/sessions_controller.rb:9:in `create'

Started GET "/" for ::1 at 2021-03-16 16:16:52 -0400
Processing by RootController#root as HTML
  Rendering root/root.html.erb within layouts/application
  Rendered root/root.html.erb within layouts/application (0.8ms)
Completed 200 OK in 35ms (Views: 33.1ms | ActiveRecord: 0.0ms)


Started POST "/api/session" for ::1 at 2021-03-16 16:16:55 -0400
Processing by Api::SessionsController#create as JSON
  Parameters: {"user"=>{"username"=>"alejandro", "password"=>"[FILTERED]"}}
  [1m[36mUser Load (0.4ms)[0m  [1m[34mSELECT  "users".* FROM "users" WHERE "users"."username" = $1 LIMIT $2[0m  [["username", "alejandro"], ["LIMIT", 1]]
  ↳ app/models/user.rb:28
Completed 500 Internal Server Error in 3ms (ActiveRecord: 0.4ms)



ArgumentError - '"Wrong credentials"' is not an ActiveModel-compatible object. It must implement :to_partial_path.:
  app/controllers/api/sessions_controller.rb:9:in `create'

Started DELETE "/api/session" for ::1 at 2021-03-16 16:16:58 -0400
Processing by Api::SessionsController#destroy as JSON
  [1m[36mUser Load (0.3ms)[0m  [1m[34mSELECT  "users".* FROM "users" WHERE "users"."session_token" IS NULL LIMIT $1[0m  [["LIMIT", 1]]
  ↳ app/controllers/application_controller.rb:5
Completed 404 Not Found in 3ms (Views: 0.1ms | ActiveRecord: 0.3ms)


  [1m[36mUser Load (39.8ms)[0m  [1m[34mSELECT "users".* FROM "users"[0m
Started POST "/api/session" for ::1 at 2021-03-16 16:18:48 -0400
Processing by Api::SessionsController#create as JSON
  Parameters: {"user"=>{"username"=>"alejandro", "password"=>"[FILTERED]"}}
  [1m[36mUser Load (0.2ms)[0m  [1m[34mSELECT  "users".* FROM "users" WHERE "users"."username" = $1 LIMIT $2[0m  [["username", "alejandro"], ["LIMIT", 1]]
  ↳ app/models/user.rb:28
Completed 401 Unauthorized in 7ms (Views: 0.1ms | ActiveRecord: 1.4ms)


Started POST "/api/session" for ::1 at 2021-03-16 16:19:52 -0400
Processing by Api::SessionsController#create as JSON
  Parameters: {"user"=>{"username"=>"ale", "password"=>"[FILTERED]"}}
  [1m[36mUser Load (0.3ms)[0m  [1m[34mSELECT  "users".* FROM "users" WHERE "users"."username" = $1 LIMIT $2[0m  [["username", "ale"], ["LIMIT", 1]]
  ↳ app/models/user.rb:28
  [1m[35m (0.1ms)[0m  [1m[35mBEGIN[0m
  ↳ app/models/user.rb:23
  [1m[36mUser Exists (0.3ms)[0m  [1m[34mSELECT  1 AS one FROM "users" WHERE "users"."username" = $1 AND "users"."id" != $2 LIMIT $3[0m  [["username", "ale"], ["id", 1], ["LIMIT", 1]]
  ↳ app/models/user.rb:23
  [1m[36mUser Exists (0.3ms)[0m  [1m[34mSELECT  1 AS one FROM "users" WHERE "users"."session_token" = $1 AND "users"."id" != $2 LIMIT $3[0m  [["session_token", "Aa0_e2Viflv0Opo2ih43tA"], ["id", 1], ["LIMIT", 1]]
  ↳ app/models/user.rb:23
  [1m[36mUser Exists (0.3ms)[0m  [1m[34mSELECT  1 AS one FROM "users" WHERE "users"."email" = $1 AND "users"."id" != $2 LIMIT $3[0m  [["email", "ale"], ["id", 1], ["LIMIT", 1]]
  ↳ app/models/user.rb:23
  [1m[36mUser Update (0.3ms)[0m  [1m[33mUPDATE "users" SET "session_token" = $1, "updated_at" = $2 WHERE "users"."id" = $3[0m  [["session_token", "Aa0_e2Viflv0Opo2ih43tA"], ["updated_at", "2021-03-16 20:19:53.189752"], ["id", 1]]
  ↳ app/models/user.rb:23
  [1m[35m (0.3ms)[0m  [1m[35mCOMMIT[0m
  ↳ app/models/user.rb:23
  Rendering api/users/show.json.jbuilder
  Rendered api/users/show.json.jbuilder (0.4ms)
Completed 200 OK in 202ms (Views: 5.0ms | ActiveRecord: 5.3ms)


Started GET "/" for ::1 at 2021-03-16 18:35:20 -0400

PG::ConnectionBad - could not connect to server: No such file or directory
	Is the server running locally and accepting
	connections on Unix domain socket "/var/run/postgresql/.s.PGSQL.5432"?:

Started POST "/__better_errors/1e6b826e25af5114/variables" for ::1 at 2021-03-16 18:35:20 -0400
Started GET "/" for ::1 at 2021-03-16 23:04:30 -0400
  [1m[35m (1.1ms)[0m  [1m[34mSELECT "schema_migrations"."version" FROM "schema_migrations" ORDER BY "schema_migrations"."version" ASC[0m
  ↳ /home/alejandro/.rbenv/versions/2.5.1/lib/ruby/gems/2.5.0/gems/activerecord-5.2.4.5/lib/active_record/log_subscriber.rb:98
Processing by RootController#root as HTML
  Rendering root/root.html.erb within layouts/application
  Rendered root/root.html.erb within layouts/application (1.0ms)
Completed 200 OK in 1062ms (Views: 1060.8ms | ActiveRecord: 0.0ms)


Started GET "/" for ::1 at 2021-03-16 23:46:06 -0400
Processing by RootController#root as HTML
  Rendering root/root.html.erb within layouts/application
  Rendered root/root.html.erb within layouts/application (0.3ms)
Completed 200 OK in 339ms (Views: 337.4ms | ActiveRecord: 0.0ms)


Started POST "/api/session" for ::1 at 2021-03-16 23:47:18 -0400
Processing by Api::SessionsController#create as JSON
  Parameters: {"user"=>{"username"=>"ale", "password"=>"[FILTERED]"}}
  [1m[36mUser Load (2.5ms)[0m  [1m[34mSELECT  "users".* FROM "users" WHERE "users"."username" = $1 LIMIT $2[0m  [["username", "ale"], ["LIMIT", 1]]
  ↳ app/models/user.rb:28
  [1m[35m (0.1ms)[0m  [1m[35mBEGIN[0m
  ↳ app/models/user.rb:23
  [1m[36mUser Exists (0.3ms)[0m  [1m[34mSELECT  1 AS one FROM "users" WHERE "users"."username" = $1 AND "users"."id" != $2 LIMIT $3[0m  [["username", "ale"], ["id", 1], ["LIMIT", 1]]
  ↳ app/models/user.rb:23
  [1m[36mUser Exists (0.2ms)[0m  [1m[34mSELECT  1 AS one FROM "users" WHERE "users"."session_token" = $1 AND "users"."id" != $2 LIMIT $3[0m  [["session_token", "W_yk59KSALwrawfiAyBQIQ"], ["id", 1], ["LIMIT", 1]]
  ↳ app/models/user.rb:23
  [1m[36mUser Exists (0.2ms)[0m  [1m[34mSELECT  1 AS one FROM "users" WHERE "users"."email" = $1 AND "users"."id" != $2 LIMIT $3[0m  [["email", "ale"], ["id", 1], ["LIMIT", 1]]
  ↳ app/models/user.rb:23
  [1m[36mUser Update (0.6ms)[0m  [1m[33mUPDATE "users" SET "session_token" = $1, "updated_at" = $2 WHERE "users"."id" = $3[0m  [["session_token", "W_yk59KSALwrawfiAyBQIQ"], ["updated_at", "2021-03-17 03:47:18.394937"], ["id", 1]]
  ↳ app/models/user.rb:23
  [1m[35m (4.9ms)[0m  [1m[35mCOMMIT[0m
  ↳ app/models/user.rb:23
  Rendering api/users/show.json.jbuilder
  Rendered api/users/show.json.jbuilder (0.4ms)
Completed 200 OK in 235ms (Views: 4.6ms | ActiveRecord: 22.8ms)


Started DELETE "/api/session" for ::1 at 2021-03-16 23:47:43 -0400
Processing by Api::SessionsController#destroy as JSON
  [1m[36mUser Load (0.2ms)[0m  [1m[34mSELECT  "users".* FROM "users" WHERE "users"."session_token" = $1 LIMIT $2[0m  [["session_token", "W_yk59KSALwrawfiAyBQIQ"], ["LIMIT", 1]]
  ↳ app/controllers/application_controller.rb:5
  [1m[35m (0.1ms)[0m  [1m[35mBEGIN[0m
  ↳ app/models/user.rb:23
  [1m[36mUser Exists (0.3ms)[0m  [1m[34mSELECT  1 AS one FROM "users" WHERE "users"."username" = $1 AND "users"."id" != $2 LIMIT $3[0m  [["username", "ale"], ["id", 1], ["LIMIT", 1]]
  ↳ app/models/user.rb:23
  [1m[36mUser Exists (0.3ms)[0m  [1m[34mSELECT  1 AS one FROM "users" WHERE "users"."session_token" = $1 AND "users"."id" != $2 LIMIT $3[0m  [["session_token", "LyrciyaBbQetoQ7UZOZvGQ"], ["id", 1], ["LIMIT", 1]]
  ↳ app/models/user.rb:23
  [1m[36mUser Exists (0.3ms)[0m  [1m[34mSELECT  1 AS one FROM "users" WHERE "users"."email" = $1 AND "users"."id" != $2 LIMIT $3[0m  [["email", "ale"], ["id", 1], ["LIMIT", 1]]
  ↳ app/models/user.rb:23
  [1m[36mUser Update (0.4ms)[0m  [1m[33mUPDATE "users" SET "session_token" = $1, "updated_at" = $2 WHERE "users"."id" = $3[0m  [["session_token", "LyrciyaBbQetoQ7UZOZvGQ"], ["updated_at", "2021-03-17 03:47:43.393704"], ["id", 1]]
  ↳ app/models/user.rb:23
  [1m[35m (0.3ms)[0m  [1m[35mCOMMIT[0m
  ↳ app/models/user.rb:23
Completed 200 OK in 7ms (Views: 0.1ms | ActiveRecord: 1.9ms)


Started GET "/" for ::1 at 2021-03-16 23:48:08 -0400
Processing by RootController#root as HTML
  Rendering root/root.html.erb within layouts/application
  Rendered root/root.html.erb within layouts/application (0.2ms)
Completed 200 OK in 163ms (Views: 161.9ms | ActiveRecord: 0.0ms)


Started GET "/" for ::1 at 2021-03-16 23:50:47 -0400
Processing by RootController#root as HTML
  Rendering root/root.html.erb within layouts/application
  Rendered root/root.html.erb within layouts/application (0.3ms)
Completed 200 OK in 301ms (Views: 299.0ms | ActiveRecord: 0.0ms)


Started GET "/" for ::1 at 2021-03-17 02:09:31 -0400
Processing by RootController#root as HTML
  Rendering root/root.html.erb within layouts/application
  Rendered root/root.html.erb within layouts/application (0.2ms)
Completed 200 OK in 319ms (Views: 317.5ms | ActiveRecord: 0.0ms)


Started GET "/" for ::1 at 2021-03-17 03:01:47 -0400
Processing by RootController#root as HTML
  Rendering root/root.html.erb within layouts/application
  Rendered root/root.html.erb within layouts/application (0.3ms)
Completed 200 OK in 357ms (Views: 356.1ms | ActiveRecord: 0.0ms)


Started GET "/" for ::1 at 2021-03-17 10:14:32 -0400

PG::ConnectionBad - could not connect to server: No such file or directory
	Is the server running locally and accepting
	connections on Unix domain socket "/var/run/postgresql/.s.PGSQL.5432"?:

Started POST "/__better_errors/161d62bcb852f77a/variables" for ::1 at 2021-03-17 10:14:32 -0400
Started GET "/" for ::1 at 2021-03-17 10:16:54 -0400
  [1m[35m (0.7ms)[0m  [1m[34mSELECT "schema_migrations"."version" FROM "schema_migrations" ORDER BY "schema_migrations"."version" ASC[0m
  ↳ /home/alejandro/.rbenv/versions/2.5.1/lib/ruby/gems/2.5.0/gems/activerecord-5.2.4.5/lib/active_record/log_subscriber.rb:98
Processing by RootController#root as HTML
  Rendering root/root.html.erb within layouts/application
  Rendered root/root.html.erb within layouts/application (5.2ms)
Completed 200 OK in 1895ms (Views: 1889.0ms | ActiveRecord: 0.0ms)


Started GET "/" for ::1 at 2021-03-17 11:04:07 -0400
Processing by RootController#root as HTML
  Rendering root/root.html.erb within layouts/application
  Rendered root/root.html.erb within layouts/application (0.2ms)
Completed 200 OK in 380ms (Views: 378.0ms | ActiveRecord: 0.0ms)


Started GET "/" for ::1 at 2021-03-17 11:05:00 -0400
Processing by RootController#root as HTML
  Rendering root/root.html.erb within layouts/application
  Rendered root/root.html.erb within layouts/application (0.2ms)
Completed 200 OK in 28ms (Views: 26.2ms | ActiveRecord: 0.0ms)


  [1m[36mUser Load (1.9ms)[0m  [1m[34mSELECT "users".* FROM "users"[0m
Started GET "/" for ::1 at 2021-03-17 11:10:04 -0400
Processing by RootController#root as HTML
  Rendering root/root.html.erb within layouts/application
  Rendered root/root.html.erb within layouts/application (0.3ms)
Completed 200 OK in 380ms (Views: 378.6ms | ActiveRecord: 0.0ms)


Started GET "/" for ::1 at 2021-03-17 11:11:38 -0400
Processing by RootController#root as HTML
  Rendering root/root.html.erb within layouts/application
  Rendered root/root.html.erb within layouts/application (0.3ms)
Completed 200 OK in 365ms (Views: 363.3ms | ActiveRecord: 0.0ms)


Started POST "/api/session" for ::1 at 2021-03-17 11:11:41 -0400
Processing by Api::SessionsController#create as JSON
  Parameters: {"user"=>{"user"=>{"username"=>"ale", "password"=>"[FILTERED]"}}}
  [1m[36mUser Load (0.7ms)[0m  [1m[34mSELECT  "users".* FROM "users" WHERE "users"."username" IS NULL LIMIT $1[0m  [["LIMIT", 1]]
  ↳ app/models/user.rb:28
Completed 401 Unauthorized in 19ms (Views: 0.1ms | ActiveRecord: 3.9ms)


Started POST "/api/session" for ::1 at 2021-03-17 11:13:16 -0400
Processing by Api::SessionsController#create as JSON
  Parameters: {"user"=>{"username"=>"ale", "password"=>"[FILTERED]"}}
  [1m[36mUser Load (0.4ms)[0m  [1m[34mSELECT  "users".* FROM "users" WHERE "users"."username" = $1 LIMIT $2[0m  [["username", "ale"], ["LIMIT", 1]]
  ↳ app/models/user.rb:28
  [1m[35m (0.1ms)[0m  [1m[35mBEGIN[0m
  ↳ app/models/user.rb:23
  [1m[36mUser Exists (0.3ms)[0m  [1m[34mSELECT  1 AS one FROM "users" WHERE "users"."username" = $1 AND "users"."id" != $2 LIMIT $3[0m  [["username", "ale"], ["id", 1], ["LIMIT", 1]]
  ↳ app/models/user.rb:23
  [1m[36mUser Exists (0.8ms)[0m  [1m[34mSELECT  1 AS one FROM "users" WHERE "users"."session_token" = $1 AND "users"."id" != $2 LIMIT $3[0m  [["session_token", "FboYT5BSPNayBAN_mKWaUg"], ["id", 1], ["LIMIT", 1]]
  ↳ app/models/user.rb:23
  [1m[36mUser Exists (0.5ms)[0m  [1m[34mSELECT  1 AS one FROM "users" WHERE "users"."email" = $1 AND "users"."id" != $2 LIMIT $3[0m  [["email", "ale"], ["id", 1], ["LIMIT", 1]]
  ↳ app/models/user.rb:23
  [1m[36mUser Update (1.0ms)[0m  [1m[33mUPDATE "users" SET "session_token" = $1, "updated_at" = $2 WHERE "users"."id" = $3[0m  [["session_token", "FboYT5BSPNayBAN_mKWaUg"], ["updated_at", "2021-03-17 15:13:16.942077"], ["id", 1]]
  ↳ app/models/user.rb:23
  [1m[35m (4.8ms)[0m  [1m[35mCOMMIT[0m
  ↳ app/models/user.rb:23
  Rendering api/users/show.json.jbuilder
  Rendered api/users/show.json.jbuilder (0.4ms)
Completed 200 OK in 218ms (Views: 9.9ms | ActiveRecord: 11.6ms)


Started DELETE "/api/session" for ::1 at 2021-03-17 11:13:22 -0400
Processing by Api::SessionsController#destroy as JSON
  [1m[36mUser Load (0.4ms)[0m  [1m[34mSELECT  "users".* FROM "users" WHERE "users"."session_token" = $1 LIMIT $2[0m  [["session_token", "FboYT5BSPNayBAN_mKWaUg"], ["LIMIT", 1]]
  ↳ app/controllers/application_controller.rb:5
  [1m[35m (0.1ms)[0m  [1m[35mBEGIN[0m
  ↳ app/models/user.rb:23
  [1m[36mUser Exists (0.3ms)[0m  [1m[34mSELECT  1 AS one FROM "users" WHERE "users"."username" = $1 AND "users"."id" != $2 LIMIT $3[0m  [["username", "ale"], ["id", 1], ["LIMIT", 1]]
  ↳ app/models/user.rb:23
  [1m[36mUser Exists (0.2ms)[0m  [1m[34mSELECT  1 AS one FROM "users" WHERE "users"."session_token" = $1 AND "users"."id" != $2 LIMIT $3[0m  [["session_token", "Ji-0mURJ7aQUfFq_mlUGSA"], ["id", 1], ["LIMIT", 1]]
  ↳ app/models/user.rb:23
  [1m[36mUser Exists (0.3ms)[0m  [1m[34mSELECT  1 AS one FROM "users" WHERE "users"."email" = $1 AND "users"."id" != $2 LIMIT $3[0m  [["email", "ale"], ["id", 1], ["LIMIT", 1]]
  ↳ app/models/user.rb:23
  [1m[36mUser Update (0.2ms)[0m  [1m[33mUPDATE "users" SET "session_token" = $1, "updated_at" = $2 WHERE "users"."id" = $3[0m  [["session_token", "Ji-0mURJ7aQUfFq_mlUGSA"], ["updated_at", "2021-03-17 15:13:22.274612"], ["id", 1]]
  ↳ app/models/user.rb:23
  [1m[35m (0.3ms)[0m  [1m[35mCOMMIT[0m
  ↳ app/models/user.rb:23
Completed 200 OK in 6ms (Views: 0.1ms | ActiveRecord: 1.7ms)


Started GET "/" for ::1 at 2021-03-17 11:19:48 -0400
Processing by RootController#root as HTML
  Rendering root/root.html.erb within layouts/application
  Rendered root/root.html.erb within layouts/application (0.3ms)
Completed 200 OK in 27ms (Views: 24.6ms | ActiveRecord: 0.0ms)


Started GET "/" for ::1 at 2021-03-17 15:14:24 -0400
Processing by RootController#root as HTML
  Rendering root/root.html.erb within layouts/application
  Rendered root/root.html.erb within layouts/application (0.9ms)
Completed 200 OK in 31ms (Views: 29.1ms | ActiveRecord: 0.0ms)


Started GET "/" for ::1 at 2021-03-17 15:37:01 -0400
Processing by RootController#root as HTML
  Rendering root/root.html.erb within layouts/application
  Rendered root/root.html.erb within layouts/application (0.3ms)
Completed 200 OK in 392ms (Views: 385.6ms | ActiveRecord: 0.0ms)


Started GET "/" for ::1 at 2021-03-17 15:38:34 -0400
Processing by RootController#root as HTML
  Rendering root/root.html.erb within layouts/application
  Rendered root/root.html.erb within layouts/application (0.2ms)
Completed 200 OK in 122ms (Views: 120.8ms | ActiveRecord: 0.0ms)


Started GET "/" for ::1 at 2021-03-17 15:39:45 -0400
Processing by RootController#root as HTML
  Rendering root/root.html.erb within layouts/application
  Rendered root/root.html.erb within layouts/application (0.3ms)
Completed 200 OK in 391ms (Views: 389.4ms | ActiveRecord: 0.0ms)


Started POST "/api/session" for ::1 at 2021-03-17 15:40:15 -0400
Processing by Api::SessionsController#create as JSON
  Parameters: {"user"=>{"username"=>"e", "password"=>"[FILTERED]"}}
  [1m[36mUser Load (34.9ms)[0m  [1m[34mSELECT  "users".* FROM "users" WHERE "users"."username" = $1 LIMIT $2[0m  [["username", "e"], ["LIMIT", 1]]
  ↳ app/models/user.rb:28
Completed 401 Unauthorized in 37ms (Views: 0.1ms | ActiveRecord: 35.0ms)


Started GET "/" for ::1 at 2021-03-17 15:40:19 -0400
Processing by RootController#root as HTML
  Rendering root/root.html.erb within layouts/application
  Rendered root/root.html.erb within layouts/application (0.3ms)
Completed 200 OK in 22ms (Views: 20.4ms | ActiveRecord: 0.0ms)


Started POST "/api/session" for ::1 at 2021-03-17 15:43:38 -0400
Processing by Api::SessionsController#create as JSON
  Parameters: {"user"=>{"username"=>"", "password"=>"[FILTERED]"}}
  [1m[36mUser Load (0.3ms)[0m  [1m[34mSELECT  "users".* FROM "users" WHERE "users"."username" = $1 LIMIT $2[0m  [["username", ""], ["LIMIT", 1]]
  ↳ app/models/user.rb:28
Completed 401 Unauthorized in 1ms (Views: 0.1ms | ActiveRecord: 0.3ms)


Started GET "/" for ::1 at 2021-03-17 15:43:41 -0400
Processing by RootController#root as HTML
  Rendering root/root.html.erb within layouts/application
  Rendered root/root.html.erb within layouts/application (0.3ms)
Completed 200 OK in 374ms (Views: 371.9ms | ActiveRecord: 0.0ms)


Started GET "/" for ::1 at 2021-03-17 16:38:31 -0400
Processing by RootController#root as HTML
  Rendering root/root.html.erb within layouts/application
  Rendered root/root.html.erb within layouts/application (0.3ms)
Completed 200 OK in 348ms (Views: 346.1ms | ActiveRecord: 0.0ms)


Started GET "/" for ::1 at 2021-03-17 16:39:19 -0400
Processing by RootController#root as HTML
  Rendering root/root.html.erb within layouts/application
  Rendered root/root.html.erb within layouts/application (0.2ms)
Completed 200 OK in 371ms (Views: 370.0ms | ActiveRecord: 0.0ms)


Started GET "/" for ::1 at 2021-03-17 16:41:59 -0400
Processing by RootController#root as HTML
  Rendering root/root.html.erb within layouts/application
  Rendered root/root.html.erb within layouts/application (0.3ms)
Completed 200 OK in 411ms (Views: 409.6ms | ActiveRecord: 0.0ms)


Started GET "/" for ::1 at 2021-03-17 16:42:55 -0400
Processing by RootController#root as HTML
  Rendering root/root.html.erb within layouts/application
  Rendered root/root.html.erb within layouts/application (0.2ms)
Completed 200 OK in 352ms (Views: 350.6ms | ActiveRecord: 0.0ms)


Started GET "/" for ::1 at 2021-03-17 16:43:24 -0400
Processing by RootController#root as HTML
  Rendering root/root.html.erb within layouts/application
  Rendered root/root.html.erb within layouts/application (0.2ms)
Completed 200 OK in 402ms (Views: 401.2ms | ActiveRecord: 0.0ms)


Started GET "/" for ::1 at 2021-03-17 16:56:24 -0400
Processing by RootController#root as HTML
  Rendering root/root.html.erb within layouts/application
  Rendered root/root.html.erb within layouts/application (0.3ms)
Completed 200 OK in 360ms (Views: 358.5ms | ActiveRecord: 0.0ms)


Started GET "/" for ::1 at 2021-03-17 16:56:53 -0400
Processing by RootController#root as HTML
  Rendering root/root.html.erb within layouts/application
  Rendered root/root.html.erb within layouts/application (0.4ms)
Completed 200 OK in 122ms (Views: 120.9ms | ActiveRecord: 0.0ms)


Started GET "/" for ::1 at 2021-03-17 16:56:59 -0400
Processing by RootController#root as HTML
  Rendering root/root.html.erb within layouts/application
  Rendered root/root.html.erb within layouts/application (0.3ms)
Completed 200 OK in 21ms (Views: 19.6ms | ActiveRecord: 0.0ms)


Started GET "/" for ::1 at 2021-03-17 16:57:05 -0400
Processing by RootController#root as HTML
  Rendering root/root.html.erb within layouts/application
  Rendered root/root.html.erb within layouts/application (0.7ms)
Completed 200 OK in 23ms (Views: 21.5ms | ActiveRecord: 0.0ms)


Started GET "/" for ::1 at 2021-03-17 16:58:45 -0400
Processing by RootController#root as HTML
  Rendering root/root.html.erb within layouts/application
  Rendered root/root.html.erb within layouts/application (0.2ms)
Completed 200 OK in 20ms (Views: 19.0ms | ActiveRecord: 0.0ms)


Started GET "/" for ::1 at 2021-03-17 17:06:23 -0400
Processing by RootController#root as HTML
  Rendering root/root.html.erb within layouts/application
  Rendered root/root.html.erb within layouts/application (0.2ms)
Completed 200 OK in 370ms (Views: 368.2ms | ActiveRecord: 0.0ms)


Started GET "/" for ::1 at 2021-03-17 17:08:55 -0400
Processing by RootController#root as HTML
  Rendering root/root.html.erb within layouts/application
  Rendered root/root.html.erb within layouts/application (0.2ms)
Completed 200 OK in 32ms (Views: 30.4ms | ActiveRecord: 0.0ms)


Started GET "/" for ::1 at 2021-03-17 17:15:24 -0400
Processing by RootController#root as HTML
  Rendering root/root.html.erb within layouts/application
  Rendered root/root.html.erb within layouts/application (0.3ms)
Completed 200 OK in 25ms (Views: 23.3ms | ActiveRecord: 0.0ms)


Started GET "/" for ::1 at 2021-03-17 17:18:50 -0400
Processing by RootController#root as HTML
  Rendering root/root.html.erb within layouts/application
  Rendered root/root.html.erb within layouts/application (0.4ms)
Completed 200 OK in 362ms (Views: 360.6ms | ActiveRecord: 0.0ms)


Started GET "/" for ::1 at 2021-03-17 17:20:17 -0400
Processing by RootController#root as HTML
  Rendering root/root.html.erb within layouts/application
  Rendered root/root.html.erb within layouts/application (0.2ms)
Completed 200 OK in 400ms (Views: 398.6ms | ActiveRecord: 0.0ms)


Started GET "/" for ::1 at 2021-03-17 17:20:36 -0400
Processing by RootController#root as HTML
  Rendering root/root.html.erb within layouts/application
  Rendered root/root.html.erb within layouts/application (0.2ms)
Completed 200 OK in 22ms (Views: 20.0ms | ActiveRecord: 0.0ms)


Started POST "/api/session" for ::1 at 2021-03-17 17:37:20 -0400
Processing by Api::SessionsController#create as JSON
  Parameters: {"user"=>{"username"=>"ale", "password"=>"[FILTERED]"}}
  [1m[36mUser Load (0.6ms)[0m  [1m[34mSELECT  "users".* FROM "users" WHERE "users"."username" = $1 LIMIT $2[0m  [["username", "ale"], ["LIMIT", 1]]
  ↳ app/models/user.rb:28
  [1m[35m (0.1ms)[0m  [1m[35mBEGIN[0m
  ↳ app/models/user.rb:23
  [1m[36mUser Exists (0.3ms)[0m  [1m[34mSELECT  1 AS one FROM "users" WHERE "users"."username" = $1 AND "users"."id" != $2 LIMIT $3[0m  [["username", "ale"], ["id", 1], ["LIMIT", 1]]
  ↳ app/models/user.rb:23
  [1m[36mUser Exists (0.2ms)[0m  [1m[34mSELECT  1 AS one FROM "users" WHERE "users"."session_token" = $1 AND "users"."id" != $2 LIMIT $3[0m  [["session_token", "cin0IHnVrNhx4YpL95mPlw"], ["id", 1], ["LIMIT", 1]]
  ↳ app/models/user.rb:23
  [1m[36mUser Exists (0.2ms)[0m  [1m[34mSELECT  1 AS one FROM "users" WHERE "users"."email" = $1 AND "users"."id" != $2 LIMIT $3[0m  [["email", "ale"], ["id", 1], ["LIMIT", 1]]
  ↳ app/models/user.rb:23
  [1m[36mUser Update (0.4ms)[0m  [1m[33mUPDATE "users" SET "session_token" = $1, "updated_at" = $2 WHERE "users"."id" = $3[0m  [["session_token", "cin0IHnVrNhx4YpL95mPlw"], ["updated_at", "2021-03-17 21:37:20.848099"], ["id", 1]]
  ↳ app/models/user.rb:23
  [1m[35m (4.7ms)[0m  [1m[35mCOMMIT[0m
  ↳ app/models/user.rb:23
  Rendering api/users/show.json.jbuilder
  Rendered api/users/show.json.jbuilder (0.4ms)
Completed 200 OK in 197ms (Views: 9.3ms | ActiveRecord: 6.6ms)


Started DELETE "/api/session" for ::1 at 2021-03-17 17:37:41 -0400
Processing by Api::SessionsController#destroy as JSON
  [1m[36mUser Load (0.2ms)[0m  [1m[34mSELECT  "users".* FROM "users" WHERE "users"."session_token" = $1 LIMIT $2[0m  [["session_token", "cin0IHnVrNhx4YpL95mPlw"], ["LIMIT", 1]]
  ↳ app/controllers/application_controller.rb:5
  [1m[35m (0.1ms)[0m  [1m[35mBEGIN[0m
  ↳ app/models/user.rb:23
  [1m[36mUser Exists (0.2ms)[0m  [1m[34mSELECT  1 AS one FROM "users" WHERE "users"."username" = $1 AND "users"."id" != $2 LIMIT $3[0m  [["username", "ale"], ["id", 1], ["LIMIT", 1]]
  ↳ app/models/user.rb:23
  [1m[36mUser Exists (0.2ms)[0m  [1m[34mSELECT  1 AS one FROM "users" WHERE "users"."session_token" = $1 AND "users"."id" != $2 LIMIT $3[0m  [["session_token", "MKX6C5OsZOr8ReQRtUAzMA"], ["id", 1], ["LIMIT", 1]]
  ↳ app/models/user.rb:23
  [1m[36mUser Exists (0.2ms)[0m  [1m[34mSELECT  1 AS one FROM "users" WHERE "users"."email" = $1 AND "users"."id" != $2 LIMIT $3[0m  [["email", "ale"], ["id", 1], ["LIMIT", 1]]
  ↳ app/models/user.rb:23
  [1m[36mUser Update (0.3ms)[0m  [1m[33mUPDATE "users" SET "session_token" = $1, "updated_at" = $2 WHERE "users"."id" = $3[0m  [["session_token", "MKX6C5OsZOr8ReQRtUAzMA"], ["updated_at", "2021-03-17 21:37:41.311900"], ["id", 1]]
  ↳ app/models/user.rb:23
  [1m[35m (0.3ms)[0m  [1m[35mCOMMIT[0m
  ↳ app/models/user.rb:23
Completed 200 OK in 5ms (Views: 0.1ms | ActiveRecord: 1.5ms)


Started GET "/" for ::1 at 2021-03-17 17:40:40 -0400
Processing by RootController#root as HTML
  Rendering root/root.html.erb within layouts/application
  Rendered root/root.html.erb within layouts/application (0.2ms)
Completed 200 OK in 398ms (Views: 396.2ms | ActiveRecord: 0.0ms)


Started POST "/api/users" for ::1 at 2021-03-17 17:41:20 -0400
Processing by Api::UsersController#create as JSON
  Parameters: {"user"=>{"username"=>"aweil", "password"=>"[FILTERED]", "email"=>"aweil", "birthdate"=>"2021-01-06", "first_name"=>"Alejandro", "last_name"=>"Weil", "gender"=>"M", "height"=>"57", "weight"=>"60"}}
  [1m[35m (0.1ms)[0m  [1m[35mBEGIN[0m
  ↳ app/controllers/api/users_controller.rb:5
  [1m[36mUser Exists (0.3ms)[0m  [1m[34mSELECT  1 AS one FROM "users" WHERE "users"."username" = $1 LIMIT $2[0m  [["username", "aweil"], ["LIMIT", 1]]
  ↳ app/controllers/api/users_controller.rb:5
  [1m[36mUser Exists (0.4ms)[0m  [1m[34mSELECT  1 AS one FROM "users" WHERE "users"."session_token" = $1 LIMIT $2[0m  [["session_token", "wHvS6Xfb4ij9FjDOgNtFTQ"], ["LIMIT", 1]]
  ↳ app/controllers/api/users_controller.rb:5
  [1m[36mUser Exists (0.3ms)[0m  [1m[34mSELECT  1 AS one FROM "users" WHERE "users"."email" = $1 LIMIT $2[0m  [["email", "aweil"], ["LIMIT", 1]]
  ↳ app/controllers/api/users_controller.rb:5
  [1m[36mUser Create (14.9ms)[0m  [1m[32mINSERT INTO "users" ("username", "email", "password_digest", "session_token", "birthdate", "first_name", "last_name", "gender", "height", "weight", "created_at", "updated_at") VALUES ($1, $2, $3, $4, $5, $6, $7, $8, $9, $10, $11, $12) RETURNING "id"[0m  [["username", "aweil"], ["email", "aweil"], ["password_digest", "$2a$12$nUd/QphLAGJ5BOyg/Wa4SulY3RaA2ZsJ5CTI6xxSH7O.6WC1.bB72"], ["session_token", "wHvS6Xfb4ij9FjDOgNtFTQ"], ["birthdate", "2021-01-06"], ["first_name", "Alejandro"], ["last_name", "Weil"], ["gender", "M"], ["height", 57], ["weight", 60], ["created_at", "2021-03-17 21:41:20.986638"], ["updated_at", "2021-03-17 21:41:20.986638"]]
  ↳ app/controllers/api/users_controller.rb:5
  [1m[35m (0.2ms)[0m  [1m[35mCOMMIT[0m
  ↳ app/controllers/api/users_controller.rb:5
  [1m[35m (0.1ms)[0m  [1m[35mBEGIN[0m
  ↳ app/models/user.rb:23
  [1m[36mUser Exists (0.2ms)[0m  [1m[34mSELECT  1 AS one FROM "users" WHERE "users"."username" = $1 AND "users"."id" != $2 LIMIT $3[0m  [["username", "aweil"], ["id", 3], ["LIMIT", 1]]
  ↳ app/models/user.rb:23
  [1m[36mUser Exists (0.2ms)[0m  [1m[34mSELECT  1 AS one FROM "users" WHERE "users"."session_token" = $1 AND "users"."id" != $2 LIMIT $3[0m  [["session_token", "bQCHoDHOEzwG5uoyxySKgg"], ["id", 3], ["LIMIT", 1]]
  ↳ app/models/user.rb:23
  [1m[36mUser Exists (0.2ms)[0m  [1m[34mSELECT  1 AS one FROM "users" WHERE "users"."email" = $1 AND "users"."id" != $2 LIMIT $3[0m  [["email", "aweil"], ["id", 3], ["LIMIT", 1]]
  ↳ app/models/user.rb:23
  [1m[36mUser Update (0.4ms)[0m  [1m[33mUPDATE "users" SET "session_token" = $1, "updated_at" = $2 WHERE "users"."id" = $3[0m  [["session_token", "bQCHoDHOEzwG5uoyxySKgg"], ["updated_at", "2021-03-17 21:41:21.005457"], ["id", 3]]
  ↳ app/models/user.rb:23
  [1m[35m (0.2ms)[0m  [1m[35mCOMMIT[0m
  ↳ app/models/user.rb:23
  Rendering api/users/show.json.jbuilder
  Rendered api/users/show.json.jbuilder (0.4ms)
Completed 200 OK in 205ms (Views: 4.6ms | ActiveRecord: 17.6ms)


Started DELETE "/api/session" for ::1 at 2021-03-17 17:43:45 -0400
Processing by Api::SessionsController#destroy as JSON
  [1m[36mUser Load (0.3ms)[0m  [1m[34mSELECT  "users".* FROM "users" WHERE "users"."session_token" = $1 LIMIT $2[0m  [["session_token", "bQCHoDHOEzwG5uoyxySKgg"], ["LIMIT", 1]]
  ↳ app/controllers/application_controller.rb:5
  [1m[35m (0.1ms)[0m  [1m[35mBEGIN[0m
  ↳ app/models/user.rb:23
  [1m[36mUser Exists (0.2ms)[0m  [1m[34mSELECT  1 AS one FROM "users" WHERE "users"."username" = $1 AND "users"."id" != $2 LIMIT $3[0m  [["username", "aweil"], ["id", 3], ["LIMIT", 1]]
  ↳ app/models/user.rb:23
  [1m[36mUser Exists (0.2ms)[0m  [1m[34mSELECT  1 AS one FROM "users" WHERE "users"."session_token" = $1 AND "users"."id" != $2 LIMIT $3[0m  [["session_token", "u8cITUq4-3JP8JxHFRMYYw"], ["id", 3], ["LIMIT", 1]]
  ↳ app/models/user.rb:23
  [1m[36mUser Exists (0.2ms)[0m  [1m[34mSELECT  1 AS one FROM "users" WHERE "users"."email" = $1 AND "users"."id" != $2 LIMIT $3[0m  [["email", "aweil"], ["id", 3], ["LIMIT", 1]]
  ↳ app/models/user.rb:23
  [1m[36mUser Update (0.3ms)[0m  [1m[33mUPDATE "users" SET "session_token" = $1, "updated_at" = $2 WHERE "users"."id" = $3[0m  [["session_token", "u8cITUq4-3JP8JxHFRMYYw"], ["updated_at", "2021-03-17 21:43:45.281265"], ["id", 3]]
  ↳ app/models/user.rb:23
  [1m[35m (0.3ms)[0m  [1m[35mCOMMIT[0m
  ↳ app/models/user.rb:23
Completed 200 OK in 5ms (Views: 0.1ms | ActiveRecord: 1.5ms)


Started POST "/api/session" for ::1 at 2021-03-17 17:44:33 -0400
Processing by Api::SessionsController#create as JSON
  Parameters: {"user"=>{"username"=>"ale", "password"=>"[FILTERED]"}}
  [1m[36mUser Load (0.3ms)[0m  [1m[34mSELECT  "users".* FROM "users" WHERE "users"."username" = $1 LIMIT $2[0m  [["username", "ale"], ["LIMIT", 1]]
  ↳ app/models/user.rb:28
  [1m[35m (0.1ms)[0m  [1m[35mBEGIN[0m
  ↳ app/models/user.rb:23
  [1m[36mUser Exists (0.3ms)[0m  [1m[34mSELECT  1 AS one FROM "users" WHERE "users"."username" = $1 AND "users"."id" != $2 LIMIT $3[0m  [["username", "ale"], ["id", 1], ["LIMIT", 1]]
  ↳ app/models/user.rb:23
  [1m[36mUser Exists (0.2ms)[0m  [1m[34mSELECT  1 AS one FROM "users" WHERE "users"."session_token" = $1 AND "users"."id" != $2 LIMIT $3[0m  [["session_token", "4RRQHaMtgL89CXjn3vw_Hw"], ["id", 1], ["LIMIT", 1]]
  ↳ app/models/user.rb:23
  [1m[36mUser Exists (0.2ms)[0m  [1m[34mSELECT  1 AS one FROM "users" WHERE "users"."email" = $1 AND "users"."id" != $2 LIMIT $3[0m  [["email", "ale"], ["id", 1], ["LIMIT", 1]]
  ↳ app/models/user.rb:23
  [1m[36mUser Update (0.2ms)[0m  [1m[33mUPDATE "users" SET "session_token" = $1, "updated_at" = $2 WHERE "users"."id" = $3[0m  [["session_token", "4RRQHaMtgL89CXjn3vw_Hw"], ["updated_at", "2021-03-17 21:44:33.261672"], ["id", 1]]
  ↳ app/models/user.rb:23
  [1m[35m (2.3ms)[0m  [1m[35mCOMMIT[0m
  ↳ app/models/user.rb:23
  Rendering api/users/show.json.jbuilder
  Rendered api/users/show.json.jbuilder (0.4ms)
Completed 200 OK in 194ms (Views: 4.5ms | ActiveRecord: 3.6ms)


Started DELETE "/api/session" for ::1 at 2021-03-17 17:44:39 -0400
Processing by Api::SessionsController#destroy as JSON
  [1m[36mUser Load (0.2ms)[0m  [1m[34mSELECT  "users".* FROM "users" WHERE "users"."session_token" = $1 LIMIT $2[0m  [["session_token", "4RRQHaMtgL89CXjn3vw_Hw"], ["LIMIT", 1]]
  ↳ app/controllers/application_controller.rb:5
  [1m[35m (0.1ms)[0m  [1m[35mBEGIN[0m
  ↳ app/models/user.rb:23
  [1m[36mUser Exists (0.2ms)[0m  [1m[34mSELECT  1 AS one FROM "users" WHERE "users"."username" = $1 AND "users"."id" != $2 LIMIT $3[0m  [["username", "ale"], ["id", 1], ["LIMIT", 1]]
  ↳ app/models/user.rb:23
  [1m[36mUser Exists (0.2ms)[0m  [1m[34mSELECT  1 AS one FROM "users" WHERE "users"."session_token" = $1 AND "users"."id" != $2 LIMIT $3[0m  [["session_token", "MIpN73Z_WRFDvG9rb8KXSg"], ["id", 1], ["LIMIT", 1]]
  ↳ app/models/user.rb:23
  [1m[36mUser Exists (0.2ms)[0m  [1m[34mSELECT  1 AS one FROM "users" WHERE "users"."email" = $1 AND "users"."id" != $2 LIMIT $3[0m  [["email", "ale"], ["id", 1], ["LIMIT", 1]]
  ↳ app/models/user.rb:23
  [1m[36mUser Update (0.2ms)[0m  [1m[33mUPDATE "users" SET "session_token" = $1, "updated_at" = $2 WHERE "users"."id" = $3[0m  [["session_token", "MIpN73Z_WRFDvG9rb8KXSg"], ["updated_at", "2021-03-17 21:44:39.592027"], ["id", 1]]
  ↳ app/models/user.rb:23
  [1m[35m (0.3ms)[0m  [1m[35mCOMMIT[0m
  ↳ app/models/user.rb:23
Completed 200 OK in 5ms (Views: 0.1ms | ActiveRecord: 1.4ms)


Started POST "/api/users" for ::1 at 2021-03-17 17:45:37 -0400
Processing by Api::UsersController#create as JSON
  Parameters: {"user"=>{"username"=>"Chiffon", "password"=>"[FILTERED]", "email"=>"chifon@catmail.com", "birthdate"=>"2019-03-16", "first_name"=>"Chiffon", "last_name"=>"Jang", "gender"=>"M", "height"=>"20", "weight"=>"3"}}
  [1m[35m (0.1ms)[0m  [1m[35mBEGIN[0m
  ↳ app/controllers/api/users_controller.rb:5
  [1m[36mUser Exists (0.3ms)[0m  [1m[34mSELECT  1 AS one FROM "users" WHERE "users"."username" = $1 LIMIT $2[0m  [["username", "Chiffon"], ["LIMIT", 1]]
  ↳ app/controllers/api/users_controller.rb:5
  [1m[36mUser Exists (0.2ms)[0m  [1m[34mSELECT  1 AS one FROM "users" WHERE "users"."session_token" = $1 LIMIT $2[0m  [["session_token", "iToFe7iRqG0Pc2y_8IuPXg"], ["LIMIT", 1]]
  ↳ app/controllers/api/users_controller.rb:5
  [1m[36mUser Exists (0.2ms)[0m  [1m[34mSELECT  1 AS one FROM "users" WHERE "users"."email" = $1 LIMIT $2[0m  [["email", "chifon@catmail.com"], ["LIMIT", 1]]
  ↳ app/controllers/api/users_controller.rb:5
  [1m[36mUser Create (0.2ms)[0m  [1m[32mINSERT INTO "users" ("username", "email", "password_digest", "session_token", "birthdate", "first_name", "last_name", "gender", "height", "weight", "created_at", "updated_at") VALUES ($1, $2, $3, $4, $5, $6, $7, $8, $9, $10, $11, $12) RETURNING "id"[0m  [["username", "Chiffon"], ["email", "chifon@catmail.com"], ["password_digest", "$2a$12$ICoy1MCIUTO5k1sIn0Y8AujuIeE5yW0mR.PO179fhVnR6lNpKsm26"], ["session_token", "iToFe7iRqG0Pc2y_8IuPXg"], ["birthdate", "2019-03-16"], ["first_name", "Chiffon"], ["last_name", "Jang"], ["gender", "M"], ["height", 20], ["weight", 3], ["created_at", "2021-03-17 21:45:37.861804"], ["updated_at", "2021-03-17 21:45:37.861804"]]
  ↳ app/controllers/api/users_controller.rb:5
  [1m[35m (0.3ms)[0m  [1m[35mCOMMIT[0m
  ↳ app/controllers/api/users_controller.rb:5
  [1m[35m (0.1ms)[0m  [1m[35mBEGIN[0m
  ↳ app/models/user.rb:23
  [1m[36mUser Exists (0.3ms)[0m  [1m[34mSELECT  1 AS one FROM "users" WHERE "users"."username" = $1 AND "users"."id" != $2 LIMIT $3[0m  [["username", "Chiffon"], ["id", 4], ["LIMIT", 1]]
  ↳ app/models/user.rb:23
  [1m[36mUser Exists (0.3ms)[0m  [1m[34mSELECT  1 AS one FROM "users" WHERE "users"."session_token" = $1 AND "users"."id" != $2 LIMIT $3[0m  [["session_token", "PNKXJlmVPlZEaTh1WY2bLQ"], ["id", 4], ["LIMIT", 1]]
  ↳ app/models/user.rb:23
  [1m[36mUser Exists (0.3ms)[0m  [1m[34mSELECT  1 AS one FROM "users" WHERE "users"."email" = $1 AND "users"."id" != $2 LIMIT $3[0m  [["email", "chifon@catmail.com"], ["id", 4], ["LIMIT", 1]]
  ↳ app/models/user.rb:23
  [1m[36mUser Update (0.2ms)[0m  [1m[33mUPDATE "users" SET "session_token" = $1, "updated_at" = $2 WHERE "users"."id" = $3[0m  [["session_token", "PNKXJlmVPlZEaTh1WY2bLQ"], ["updated_at", "2021-03-17 21:45:37.866376"], ["id", 4]]
  ↳ app/models/user.rb:23
  [1m[35m (0.2ms)[0m  [1m[35mCOMMIT[0m
  ↳ app/models/user.rb:23
  Rendering api/users/show.json.jbuilder
  Rendered api/users/show.json.jbuilder (0.4ms)
Completed 200 OK in 196ms (Views: 4.7ms | ActiveRecord: 2.7ms)


Started GET "/" for ::1 at 2021-03-17 17:46:59 -0400
Processing by RootController#root as HTML
  Rendering root/root.html.erb within layouts/application
  Rendered root/root.html.erb within layouts/application (0.2ms)
Completed 200 OK in 22ms (Views: 20.5ms | ActiveRecord: 0.0ms)


Started POST "/api/users" for ::1 at 2021-03-17 17:48:10 -0400
Processing by Api::UsersController#create as JSON
  Parameters: {"user"=>{"username"=>"dro", "password"=>"[FILTERED]", "email"=>"dro", "birthdate"=>"", "first_name"=>"alwe", "last_name"=>"d", "gender"=>"", "height"=>"", "weight"=>""}}
  [1m[35m (0.1ms)[0m  [1m[35mBEGIN[0m
  ↳ app/controllers/api/users_controller.rb:5
  [1m[36mUser Exists (0.3ms)[0m  [1m[34mSELECT  1 AS one FROM "users" WHERE "users"."username" = $1 LIMIT $2[0m  [["username", "dro"], ["LIMIT", 1]]
  ↳ app/controllers/api/users_controller.rb:5
  [1m[36mUser Exists (0.3ms)[0m  [1m[34mSELECT  1 AS one FROM "users" WHERE "users"."session_token" = $1 LIMIT $2[0m  [["session_token", "Hogmt-DHM3cNlqbGgM5jEA"], ["LIMIT", 1]]
  ↳ app/controllers/api/users_controller.rb:5
  [1m[36mUser Exists (0.2ms)[0m  [1m[34mSELECT  1 AS one FROM "users" WHERE "users"."email" = $1 LIMIT $2[0m  [["email", "dro"], ["LIMIT", 1]]
  ↳ app/controllers/api/users_controller.rb:5
  [1m[35m (0.1ms)[0m  [1m[31mROLLBACK[0m
  ↳ app/controllers/api/users_controller.rb:5
Completed 401 Unauthorized in 242ms (Views: 0.2ms | ActiveRecord: 1.0ms)


Started GET "/" for ::1 at 2021-03-17 17:48:54 -0400
Processing by RootController#root as HTML
  Rendering root/root.html.erb within layouts/application
  Rendered root/root.html.erb within layouts/application (0.2ms)
Completed 200 OK in 24ms (Views: 22.7ms | ActiveRecord: 0.0ms)


